-------------------------------------------------------------------------------
Test set: com.yi.hellotest.BeanSpringTest
-------------------------------------------------------------------------------
Tests run: 1, Failures: 1, Errors: 0, Skipped: 0, Time elapsed: 0.525 sec <<< FAILURE! - in com.yi.hellotest.BeanSpringTest
helloBean(com.yi.hellotest.BeanSpringTest)  Time elapsed: 0.01 sec  <<< FAILURE!
org.junit.ComparisonFailure: expected:<[Hello 조성훈]> but was:<[com.yi.hellotest.StringPrinter@352c1b98]>
	at com.yi.hellotest.BeanSpringTest.helloBean(BeanSpringTest.java:39)

