<?xml version="1.0" encoding="UTF-8"?>
<testsuite xmlns:xsi="http://www.w3.org/2001/XMLSchema-instance" xsi:schemaLocation="https://maven.apache.org/surefire/maven-surefire-plugin/xsd/surefire-test-report.xsd" name="com.yi.hellotest.BeanSpringTest" time="0.525" tests="1" errors="0" skipped="0" failures="1">
  <properties>
[...]
</properties>
  <testcase name="helloBean" classname="com.yi.hellotest.BeanSpringTest" time="0.01">
    <failure message="expected:&lt;[Hello 조성훈]&gt; but was:&lt;[com.yi.hellotest.StringPrinter@352c1b98]&gt;" type="org.junit.ComparisonFailure"><![CDATA[org.junit.ComparisonFailure: expected:<[Hello 조성훈]> but was:<[com.yi.hellotest.StringPrinter@352c1b98]>
	at com.yi.hellotest.BeanSpringTest.helloBean(BeanSpringTest.java:39)
]]></failure>
    <system-out><![CDATA[INFO : org.springframework.test.context.support.DefaultTestContextBootstrapper - Loaded default TestExecutionListener class names from location [META-INF/spring.factories]: [org.springframework.test.context.web.ServletTestExecutionListener, org.springframework.test.context.support.DirtiesContextBeforeModesTestExecutionListener, org.springframework.test.context.support.DependencyInjectionTestExecutionListener, org.springframework.test.context.support.DirtiesContextTestExecutionListener, org.springframework.test.context.transaction.TransactionalTestExecutionListener, org.springframework.test.context.jdbc.SqlScriptsTestExecutionListener]
INFO : org.springframework.test.context.support.DefaultTestContextBootstrapper - Using TestExecutionListeners: [org.springframework.test.context.web.ServletTestExecutionListener@4b5a5ed1, org.springframework.test.context.support.DirtiesContextBeforeModesTestExecutionListener@59d016c9, org.springframework.test.context.support.DependencyInjectionTestExecutionListener@3cc2931c, org.springframework.test.context.support.DirtiesContextTestExecutionListener@20d28811, org.springframework.test.context.transaction.TransactionalTestExecutionListener@3967e60c, org.springframework.test.context.jdbc.SqlScriptsTestExecutionListener@60d8c9b7]
INFO : org.springframework.beans.factory.xml.XmlBeanDefinitionReader - Loading XML bean definitions from URL [file:src/main/webapp/WEB-INF/spring/springbeans.xml]
INFO : org.springframework.beans.factory.support.DefaultListableBeanFactory - Overriding bean definition for bean 'stringPrinter' with a different definition: replacing [Generic bean: class [com.yi.hellotest.StringPrinter]; scope=singleton; abstract=false; lazyInit=false; autowireMode=0; dependencyCheck=0; autowireCandidate=true; primary=false; factoryBeanName=null; factoryMethodName=null; initMethodName=null; destroyMethodName=null; defined in file [D:\spring2\target\classes\com\yi\hellotest\StringPrinter.class]] with [Generic bean: class [com.yi.hellotest.StringPrinter]; scope=; abstract=false; lazyInit=false; autowireMode=0; dependencyCheck=0; autowireCandidate=true; primary=false; factoryBeanName=null; factoryMethodName=null; initMethodName=null; destroyMethodName=null; defined in URL [file:src/main/webapp/WEB-INF/spring/springbeans.xml]]
INFO : org.springframework.context.support.GenericApplicationContext - Refreshing org.springframework.context.support.GenericApplicationContext@41e36e46: startup date [Tue Sep 15 15:55:26 KST 2020]; root of context hierarchy
INFO : org.springframework.beans.factory.annotation.AutowiredAnnotationBeanPostProcessor - JSR-330 'javax.inject.Inject' annotation found and supported for autowiring
Hello 기본 생성자 호출
Hello 기본 생성자 호출
setNames 기본 생성자 호출 : 조성훈
setPrinter 기본 생성자 호출 : com.yi.hellotest.StringPrinter
Hello 오버로딩된 생성자
Hello 조성훈
]]></system-out>
  </testcase>
</testsuite>